<?xml version="1.0" encoding="UTF-8"?>
<!-- Generated by org.testng.reporters.JUnitReportReporter -->
<testsuite hostname="IN9PXM4Y2" failures="0" tests="1" name="trainingUdemy.Alert" time="14.736" errors="0" timestamp="2020-03-12T10:28:42 EDT" skipped="0">
  <testcase classname="trainingUdemy.Alert" name="alertTest" time="14.736"/>
</testsuite> <!-- trainingUdemy.Alert -->
