<?xml version="1.0" encoding="UTF-8"?>
<!-- Generated by org.testng.reporters.JUnitReportReporter -->
<testsuite skipped="0" hostname="IN9PXM4Y2" name="trainingUdemy.TestNgDemo" tests="1" failures="0" timestamp="2021-01-13T00:24:52 EST" time="0.006" errors="0">
  <testcase name="carLoanWeb" time="0.006" classname="trainingUdemy.TestNgDemo"/>
  <system-out/>
</testsuite> <!-- trainingUdemy.TestNgDemo -->
