<?xml version="1.0" encoding="UTF-8"?>
<!-- Generated by org.testng.reporters.JUnitReportReporter -->
<testsuite hostname="IN9PXM4Y2" failures="0" tests="1" name="trainingUdemy.JavaExDemo" time="13.093" errors="0" timestamp="2020-03-05T05:52:46 EST" skipped="0">
  <testcase classname="trainingUdemy.JavaExDemo" name="test1" time="13.093"/>
</testsuite> <!-- trainingUdemy.JavaExDemo -->
