<?xml version="1.0" encoding="UTF-8"?>
<!-- Generated by org.testng.reporters.JUnitReportReporter -->
<testsuite skipped="1" hostname="IN9PXM4Y2" name="trainingUdemy.TestNgDemo2" tests="3" failures="0" timestamp="2021-01-13T00:24:52 EST" time="0.003" errors="0">
  <testcase name="homeLoanMob" time="0.002" classname="trainingUdemy.TestNgDemo2"/>
  <system-out/>
  <testcase name="insuranceMob" time="0.001" classname="trainingUdemy.TestNgDemo2"/>
  <system-out/>
  <testcase name="insuranceHome" classname="trainingUdemy.TestNgDemo2">
    <skipped/>
  </testcase> <!-- insuranceHome -->
  <system-out/>
</testsuite> <!-- trainingUdemy.TestNgDemo2 -->
