<?xml version="1.0" encoding="UTF-8"?>
<!-- Generated by org.testng.reporters.JUnitReportReporter -->
<testsuite hostname="IN9PXM4Y2" failures="0" tests="2" name="notDefault.firstProg" time="36.834" errors="0" timestamp="2020-02-06T17:38:30 IST" skipped="0">
  <testcase classname="notDefault.firstProg" name="testURL" time="21.721"/>
  <testcase classname="notDefault.firstProg" name="testURL" time="15.113"/>
</testsuite> <!-- notDefault.firstProg -->
