<?xml version="1.0" encoding="UTF-8"?>
<!-- Generated by org.testng.reporters.JUnitReportReporter -->
<testsuite hostname="IN9PXM4Y2" failures="0" tests="1" name="trainingUdemy.windowHandle" time="8.577" errors="0" timestamp="2020-02-27T19:11:18 IST" skipped="0">
  <testcase classname="trainingUdemy.windowHandle" name="test1" time="8.577"/>
</testsuite> <!-- trainingUdemy.windowHandle -->
