<?xml version="1.0" encoding="UTF-8"?>
<!-- Generated by org.testng.reporters.JUnitReportReporter -->
<testsuite hostname="IN9PXM4Y2" failures="0" tests="1" name="globalV.Test1" time="8.597" errors="0" timestamp="2020-04-13T11:10:35 EDT" skipped="0">
  <testcase classname="globalV.Test1" name="demo1" time="8.597"/>
</testsuite> <!-- globalV.Test1 -->
