<?xml version="1.0" encoding="UTF-8"?>
<!-- Generated by org.testng.reporters.JUnitReportReporter -->
<testsuite skipped="0" hostname="IN5CG7424W92" name="excelUtil.ExcelInput" tests="1" failures="0" timestamp="2019-09-19T08:13:55 EDT" time="1.402" errors="0">
  <testcase name="dataExcel" time="1.402" classname="excelUtil.ExcelInput"/>
</testsuite> <!-- excelUtil.ExcelInput -->
