<?xml version="1.0" encoding="UTF-8"?>
<!-- Generated by org.testng.reporters.JUnitReportReporter -->
<testsuite hostname="IN9PXM4Y2" failures="0" tests="1" name="trainingUdemy.ListDemo" time="8.713" errors="0" timestamp="2020-03-12T10:23:50 EDT" skipped="0">
  <testcase classname="trainingUdemy.ListDemo" name="test1" time="8.713"/>
</testsuite> <!-- trainingUdemy.ListDemo -->
