<?xml version="1.0" encoding="UTF-8"?>
<!-- Generated by org.testng.reporters.JUnitReportReporter -->
<testsuite skipped="0" hostname="IN5CG7424W92" name="notDefault.robotClassDemo" tests="1" failures="0" timestamp="2019-12-10T04:19:39 EST" time="21.973" errors="0">
  <testcase name="robotTest" time="21.973" classname="notDefault.robotClassDemo"/>
</testsuite> <!-- notDefault.robotClassDemo -->
