<?xml version="1.0" encoding="UTF-8"?>
<!-- Generated by org.testng.reporters.JUnitReportReporter -->
<testsuite hostname="IN9PXM4Y2" failures="0" tests="1" name="trainingUdemy.FluentWaitDemo" time="13.513" errors="0" timestamp="2020-02-27T16:05:25 IST" skipped="0">
  <testcase classname="trainingUdemy.FluentWaitDemo" name="demo" time="13.513"/>
</testsuite> <!-- trainingUdemy.FluentWaitDemo -->
