<?xml version="1.0" encoding="UTF-8"?>
<!-- Generated by org.testng.reporters.JUnitReportReporter -->
<testsuite skipped="0" hostname="IN9PXM4Y2" name="trainingUdemy.paraDemo" tests="3" failures="0" timestamp="2021-01-13T00:24:41 EST" time="0.013" errors="0">
  <testcase name="method1" time="0.010" classname="trainingUdemy.paraDemo"/>
  <system-out/>
  <testcase name="method2" time="0.001" classname="trainingUdemy.paraDemo"/>
  <system-out/>
  <testcase name="method3" time="0.002" classname="trainingUdemy.paraDemo"/>
  <system-out/>
</testsuite> <!-- trainingUdemy.paraDemo -->
