<?xml version="1.0" encoding="UTF-8"?>
<!-- Generated by org.testng.reporters.JUnitReportReporter -->
<testsuite skipped="0" hostname="IN5CG7424W92" name="notDefault.JavaEX" tests="1" failures="0" timestamp="2019-11-21T07:15:48 EST" time="45.416" errors="0">
  <testcase name="javaExExample" time="45.416" classname="notDefault.JavaEX"/>
</testsuite> <!-- notDefault.JavaEX -->
