<?xml version="1.0" encoding="UTF-8"?>
<!-- Generated by org.testng.reporters.JUnitReportReporter -->
<testsuite skipped="0" hostname="IN9PXM4Y2" name="trainingUdemy.Parallel" tests="2" failures="0" timestamp="2021-01-13T00:24:06 EST" time="24.263" errors="0">
  <testcase name="alertTest" time="10.335" classname="trainingUdemy.Parallel"/>
  <system-out/>
  <testcase name="alertTest2" time="13.928" classname="trainingUdemy.Parallel"/>
  <system-out/>
</testsuite> <!-- trainingUdemy.Parallel -->
