<?xml version="1.0" encoding="UTF-8"?>
<!-- Generated by org.testng.reporters.JUnitReportReporter -->
<testsuite hostname="IN9PXM4Y2" failures="0" tests="1" name="trainingUdemy.Table" time="9.865" errors="0" timestamp="2020-03-05T03:13:22 EST" skipped="0">
  <testcase classname="trainingUdemy.Table" name="practice1" time="9.865"/>
</testsuite> <!-- trainingUdemy.Table -->
