<?xml version="1.0" encoding="UTF-8"?>
<!-- Generated by org.testng.reporters.JUnitReportReporter -->
<testsuite hostname="IN9PXM4Y2" failures="0" tests="2" name="trainingUdemy.Practice" time="26.453" errors="0" timestamp="2020-03-01T06:59:47 EST" skipped="0">
  <testcase classname="trainingUdemy.Practice" name="test2" time="6.356"/>
  <testcase classname="trainingUdemy.Practice" name="test1" time="20.097"/>
</testsuite> <!-- trainingUdemy.Practice -->
