<?xml version="1.0" encoding="UTF-8"?>
<!-- Generated by org.testng.reporters.JUnitReportReporter -->
<testsuite hostname="IN9PXM4Y2" failures="0" tests="2" name="trainingUdemy.DataProviderDemo" time="0.007" errors="0" timestamp="2020-04-09T10:33:16 EDT" skipped="0">
  <testcase classname="trainingUdemy.DataProviderDemo" name="method1" time="0.006"/>
  <testcase classname="trainingUdemy.DataProviderDemo" name="method1" time="0.001"/>
</testsuite> <!-- trainingUdemy.DataProviderDemo -->
