<?xml version="1.0" encoding="UTF-8"?>
<!-- Generated by org.testng.reporters.JUnitReportReporter -->
<testsuite hostname="IN9PXM4Y2" failures="0" tests="1" name="trainingUdemy.ActionDemo" time="9.211" errors="0" timestamp="2020-02-28T01:13:49 EST" skipped="0">
  <testcase classname="trainingUdemy.ActionDemo" name="framesDemo" time="9.211"/>
</testsuite> <!-- trainingUdemy.ActionDemo -->
