<?xml version="1.0" encoding="UTF-8"?>
<!-- Generated by org.testng.reporters.JUnitReportReporter -->
<testsuite hostname="IN9PXM4Y2" failures="0" tests="1" name="trainingUdemy.dropdown" time="24.454" errors="0" timestamp="2020-02-21T19:02:43 IST" skipped="0">
  <testcase classname="trainingUdemy.dropdown" name="test2" time="24.454"/>
</testsuite> <!-- trainingUdemy.dropdown -->
