<?xml version="1.0" encoding="UTF-8"?>
<!-- Generated by org.testng.reporters.JUnitReportReporter -->
<testsuite hostname="IN9PXM4Y2" failures="0" tests="1" name="trainingUdemy.GreenKart" time="12.144" errors="0" timestamp="2020-03-01T07:02:45 EST" skipped="0">
  <testcase classname="trainingUdemy.GreenKart" name="test1" time="12.144"/>
</testsuite> <!-- trainingUdemy.GreenKart -->
