<?xml version="1.0" encoding="UTF-8"?>
<!-- Generated by org.testng.reporters.JUnitReportReporter -->
<testsuite hostname="IN9PXM4Y2" failures="0" tests="1" name="trainingUdemy.Practice2" time="7.142" errors="0" timestamp="2020-03-12T10:27:33 EDT" skipped="0">
  <testcase classname="trainingUdemy.Practice2" name="test" time="7.142"/>
</testsuite> <!-- trainingUdemy.Practice2 -->
